Arguments: 
  C:\Program Files\nodejs\node.exe C:\Users\Zengq\AppData\Roaming\npm\node_modules\yarn\bin\yarn.js add @react-native-community/async-storage

PATH: 
  C:\Program Files (x86)\Common Files\Oracle\Java\javapath;C:\Program Files (x86)\Intel\iCLS Client\;C:\Program Files\Intel\iCLS Client\;C:\Windows\system32;C:\Windows;C:\Windows\System32\Wbem;C:\Windows\System32\WindowsPowerShell\v1.0\;C:\Program Files (x86)\Intel\Intel(R) Management Engine Components\DAL;C:\Program Files\Intel\Intel(R) Management Engine Components\DAL;C:\Program Files (x86)\Intel\Intel(R) Management Engine Components\IPT;C:\Program Files\Intel\Intel(R) Management Engine Components\IPT;C:\Program Files (x86)\NVIDIA Corporation\PhysX\Common;C:\Program Files\Intel\WiFi\bin\;C:\Program Files\Common Files\Intel\WirelessCommon\;C:\WINDOWS\system32;C:\WINDOWS;C:\WINDOWS\System32\Wbem;C:\WINDOWS\System32\WindowsPowerShell\v1.0\;C:\WINDOWS\System32\OpenSSH\;C:\Program Files\dotnet\;C:\Program Files\Microsoft SQL Server\130\Tools\Binn\;C:\Program Files\Microsoft SQL Server\Client SDK\ODBC\170\Tools\Binn\;C:\Program Files (x86)\Microsoft SQL Server\150\Tools\Binn\;C:\Program Files\Microsoft SQL Server\150\Tools\Binn\;C:\Program Files\Microsoft SQL Server\150\DTS\Binn\;E:\Git\cmd;C:\Program Files (x86)\Microsoft SQL Server\150\DTS\Binn\;C:\Program Files\nodejs\;C:\Program Files (x86)\Gpg4win\..\GnuPG\bin;C:\Users\Zengq\AppData\Local\Programs\Python\Python37\Scripts\;C:\Users\Zengq\AppData\Local\Programs\Python\Python37\;C:\Users\Zengq\AppData\Local\Microsoft\WindowsApps;C:\Program Files\Intel\WiFi\bin\;C:\Program Files\Common Files\Intel\WirelessCommon\;C:\Users\Zengq\AppData\Local\atom\bin;C:\Users\Zengq\AppData\Local\Microsoft\WindowsApps;C:\Users\Zengq\AppData\Local\GitHubDesktop\bin;C:\Users\Zengq\.dotnet\tools;C:\Users\Zengq\AppData\Roaming\npm;C:\Users\Zengq\AppData\Local\Programs\Microsoft VS Code\bin;

Yarn version: 
  1.22.5

Node version: 
  12.18.3

Platform: 
  win32 x64

Trace: 
  Error: EPERM: operation not permitted, unlink 'H:\GitHub\HIT238_Phase2_AustralianEnglish\node_modules\@babel\core\node_modules\json5\lib'

npm manifest: 
  {
    "homepage": "http://Kevin-1234.github.io/HIT238_AustralianEnglish_Phase2",
    "main": "node_modules/expo/AppEntry.js",
    "scripts": {
      "deploy": "gh-pages -d web-build",
      "predeploy": "expo build:web",
      "start": "expo start",
      "android": "expo start --android",
      "ios": "expo start --ios",
      "web": "expo start --web",
      "eject": "expo eject"
    },
    "dependencies": {
      "@react-native-community/masked-view": "0.1.10",
      "@react-native-community/netinfo": "5.9.2",
      "@react-native-community/slider": "3.0.0",
      "@react-navigation/bottom-tabs": "^5.8.0",
      "@react-navigation/drawer": "^5.9.0",
      "@react-navigation/material-bottom-tabs": "^5.2.16",
      "@react-navigation/native": "^5.7.3",
      "@react-navigation/stack": "^5.9.0",
      "expo": "~38.0.8",
      "expo-av": "~8.2.1",
      "expo-status-bar": "^1.0.2",
      "expo-video-player": "^1.6.0",
      "native-base": "^2.13.14",
      "react": "~16.11.0",
      "react-dom": "~16.11.0",
      "react-native": "https://github.com/expo/react-native/archive/sdk-38.0.2.tar.gz",
      "react-native-elements": "^2.3.2",
      "react-native-gesture-handler": "~1.6.0",
      "react-native-paper": "^4.1.0",
      "react-native-reanimated": "~1.9.0",
      "react-native-safe-area-context": "~3.0.7",
      "react-native-screens": "~2.9.0",
      "react-native-vector-icons": "^7.1.0",
      "react-native-video": "^5.1.0-alpha8",
      "react-native-web": "~0.11.7",
      "react-native-webview": "9.4.0",
      "react-navigation": "^4.4.0",
      "react-navigation-stack": "^2.8.2",
      "rot-13": "^1.0.0"
    },
    "devDependencies": {
      "@babel/core": "^7.8.6",
      "babel-preset-expo": "~8.1.0",
      "gh-pages": "^3.1.0"
    },
    "private": true
  }

yarn manifest: 
  No manifest

Lockfile: 
  No lockfile
